# JRE version: OpenJDK Runtime Environment Temurin-21.0.10+7 (21.0.10+7) (build 21.0.10+7-LTS)
# Java VM: OpenJDK 64-Bit Server VM Temurin-21.0.10+7 (21.0.10+7-LTS, mixed mode, sharing, tiered, compressed oops, compressed class ptrs, parallel gc, windows-amd64)
GC Precious Log:
 CardTable entry size: 512
 CPUs: 12 total, 12 available
 Memory: 7971M
 Large Page Support: Disabled
 NUMA Support: Disabled
 Compressed Oops: Enabled (32-bit)
 Alignments: Space 512K, Generation 512K, Heap 2M
 Heap Min Capacity: 100M
 Heap Initial Capacity: 100M
 Heap Max Capacity: 2G
 Pre-touch: Disabled
 Parallel Workers: 10
Heap:
 PSYoungGen      total 8192K, used 3625K [0x00000000d5580000, 0x00000000d6300000, 0x0000000100000000)
  eden space 4608K, 1% used [0x00000000d5580000,0x00000000d5592770,0x00000000d5a00000)
  from space 3584K, 99% used [0x00000000d5f80000,0x00000000d62f8000,0x00000000d6300000)
  to   space 4608K, 0% used [0x00000000d5a00000,0x00000000d5a00000,0x00000000d5e80000)
 ParOldGen       total 1074688K, used 1074276K [0x0000000080000000, 0x00000000c1980000, 0x00000000d5580000)
  object space 1074688K, 99% used [0x0000000080000000,0x00000000c1919078,0x00000000c1980000)
 Metaspace       used 57637K, committed 58944K, reserved 1114112K
  class space    used 6093K, committed 6656K, reserved 1048576K
GC Heap History (20 events):
Event: 74.367 GC heap before
{Heap before GC invocations=1609 (full 2):
 PSYoungGen      total 3072K, used 2947K [0x00000000d5580000, 0x00000000d5a00000, 0x0000000100000000)
  eden space 1536K, 100% used [0x00000000d5580000,0x00000000d5700000,0x00000000d5700000)
  from space 1536K, 91% used [0x00000000d5880000,0x00000000d59e0f80,0x00000000d5a00000)
  to   space 1536K, 0% used [0x00000000d5700000,0x00000000d5700000,0x00000000d5880000)
 ParOldGen       total 1049600K, used 1049414K [0x0000000080000000, 0x00000000c0100000, 0x00000000d5580000)
  object space 1049600K, 99% used [0x0000000080000000,0x00000000c00d1938,0x00000000c0100000)
 Metaspace       used 57547K, committed 58880K, reserved 1114112K
  class space    used 6092K, committed 6656K, reserved 1048576K
}
Event: 74.372 GC heap after
{Heap after GC invocations=1609 (full 2):
 PSYoungGen      total 3072K, used 1438K [0x00000000d5580000, 0x00000000d5a00000, 0x0000000100000000)
  eden space 1536K, 0% used [0x00000000d5580000,0x00000000d5580000,0x00000000d5700000)
  from space 1536K, 93% used [0x00000000d5700000,0x00000000d5867a00,0x00000000d5880000)
  to   space 1536K, 0% used [0x00000000d5880000,0x00000000d5880000,0x00000000d5a00000)
 ParOldGen       total 1052160K, used 1051854K [0x0000000080000000, 0x00000000c0380000, 0x00000000d5580000)
  object space 1052160K, 99% used [0x0000000080000000,0x00000000c0333838,0x00000000c0380000)
 Metaspace       used 57547K, committed 58880K, reserved 1114112K
  class space    used 6092K, committed 6656K, reserved 1048576K
}
Event: 74.390 GC heap before
{Heap before GC invocations=1610 (full 2):
 PSYoungGen      total 3072K, used 2974K [0x00000000d5580000, 0x00000000d5a00000, 0x0000000100000000)
  eden space 1536K, 100% used [0x00000000d5580000,0x00000000d5700000,0x00000000d5700000)
  from space 1536K, 93% used [0x00000000d5700000,0x00000000d5867a00,0x00000000d5880000)
  to   space 1536K, 0% used [0x00000000d5880000,0x00000000d5880000,0x00000000d5a00000)
 ParOldGen       total 1052160K, used 1051854K [0x0000000080000000, 0x00000000c0380000, 0x00000000d5580000)
  object space 1052160K, 99% used [0x0000000080000000,0x00000000c0333838,0x00000000c0380000)
 Metaspace       used 57557K, committed 58880K, reserved 1114112K
  class space    used 6092K, committed 6656K, reserved 1048576K
}
Event: 74.393 GC heap after
{Heap after GC invocations=1610 (full 2):
 PSYoungGen      total 3072K, used 1088K [0x00000000d5580000, 0x00000000d5a00000, 0x0000000100000000)
  eden space 1536K, 0% used [0x00000000d5580000,0x00000000d5580000,0x00000000d5700000)
  from space 1536K, 70% used [0x00000000d5880000,0x00000000d5990000,0x00000000d5a00000)
  to   space 1536K, 0% used [0x00000000d5700000,0x00000000d5700000,0x00000000d5880000)
 ParOldGen       total 1053184K, used 1053164K [0x0000000080000000, 0x00000000c0480000, 0x00000000d5580000)
  object space 1053184K, 99% used [0x0000000080000000,0x00000000c047b238,0x00000000c0480000)
 Metaspace       used 57557K, committed 58880K, reserved 1114112K
  class space    used 6092K, committed 6656K, reserved 1048576K
}
Event: 74.410 GC heap before
{Heap before GC invocations=1611 (full 2):
 PSYoungGen      total 3072K, used 2624K [0x00000000d5580000, 0x00000000d5a00000, 0x0000000100000000)
  eden space 1536K, 100% used [0x00000000d5580000,0x00000000d5700000,0x00000000d5700000)
  from space 1536K, 70% used [0x00000000d5880000,0x00000000d5990000,0x00000000d5a00000)
  to   space 1536K, 0% used [0x00000000d5700000,0x00000000d5700000,0x00000000d5880000)
 ParOldGen       total 1056256K, used 1055476K [0x0000000080000000, 0x00000000c0780000, 0x00000000d5580000)
  object space 1056256K, 99% used [0x0000000080000000,0x00000000c06bd138,0x00000000c0780000)
 Metaspace       used 57572K, committed 58880K, reserved 1114112K
  class space    used 6092K, committed 6656K, reserved 1048576K
}
Event: 74.413 GC heap after
{Heap after GC invocations=1611 (full 2):
 PSYoungGen      total 3072K, used 1248K [0x00000000d5580000, 0x00000000d5a00000, 0x0000000100000000)
  eden space 1536K, 0% used [0x00000000d5580000,0x00000000d5580000,0x00000000d5700000)
  from space 1536K, 81% used [0x00000000d5700000,0x00000000d5838000,0x00000000d5880000)
  to   space 1536K, 0% used [0x00000000d5880000,0x00000000d5880000,0x00000000d5a00000)
 ParOldGen       total 1056768K, used 1056420K [0x0000000080000000, 0x00000000c0800000, 0x00000000d5580000)
  object space 1056768K, 99% used [0x0000000080000000,0x00000000c07a9138,0x00000000c0800000)
 Metaspace       used 57572K, committed 58880K, reserved 1114112K
  class space    used 6092K, committed 6656K, reserved 1048576K
}
Event: 74.443 GC heap before
{Heap before GC invocations=1612 (full 2):
 PSYoungGen      total 3072K, used 2784K [0x00000000d5580000, 0x00000000d5a00000, 0x0000000100000000)
  eden space 1536K, 100% used [0x00000000d5580000,0x00000000d5700000,0x00000000d5700000)
  from space 1536K, 81% used [0x00000000d5700000,0x00000000d5838000,0x00000000d5880000)
  to   space 1536K, 0% used [0x00000000d5880000,0x00000000d5880000,0x00000000d5a00000)
 ParOldGen       total 1058816K, used 1058246K [0x0000000080000000, 0x00000000c0a00000, 0x00000000d5580000)
  object space 1058816K, 99% used [0x0000000080000000,0x00000000c09718b8,0x00000000c0a00000)
 Metaspace       used 57600K, committed 58944K, reserved 1114112K
  class space    used 6092K, committed 6656K, reserved 1048576K
}
Event: 74.446 GC heap after
{Heap after GC invocations=1612 (full 2):
 PSYoungGen      total 2560K, used 608K [0x00000000d5580000, 0x00000000d5980000, 0x0000000100000000)
  eden space 1536K, 0% used [0x00000000d5580000,0x00000000d5580000,0x00000000d5700000)
  from space 1024K, 59% used [0x00000000d5880000,0x00000000d5918000,0x00000000d5980000)
  to   space 1024K, 0% used [0x00000000d5780000,0x00000000d5780000,0x00000000d5880000)
 ParOldGen       total 1059840K, used 1059342K [0x0000000080000000, 0x00000000c0b00000, 0x00000000d5580000)
  object space 1059840K, 99% used [0x0000000080000000,0x00000000c0a838b8,0x00000000c0b00000)
 Metaspace       used 57600K, committed 58944K, reserved 1114112K
  class space    used 6092K, committed 6656K, reserved 1048576K
}
Event: 74.452 GC heap before
{Heap before GC invocations=1613 (full 2):
 PSYoungGen      total 2560K, used 2144K [0x00000000d5580000, 0x00000000d5980000, 0x0000000100000000)
  eden space 1536K, 100% used [0x00000000d5580000,0x00000000d5700000,0x00000000d5700000)
  from space 1024K, 59% used [0x00000000d5880000,0x00000000d5918000,0x00000000d5980000)
  to   space 1024K, 0% used [0x00000000d5780000,0x00000000d5780000,0x00000000d5880000)
 ParOldGen       total 1059840K, used 1059342K [0x0000000080000000, 0x00000000c0b00000, 0x00000000d5580000)
  object space 1059840K, 99% used [0x0000000080000000,0x00000000c0a838b8,0x00000000c0b00000)
 Metaspace       used 57616K, committed 58944K, reserved 1114112K
  class space    used 6092K, committed 6656K, reserved 1048576K
}
Event: 74.455 GC heap after
{Heap after GC invocations=1613 (full 2):
 PSYoungGen      total 2560K, used 1024K [0x00000000d5580000, 0x00000000d5c00000, 0x0000000100000000)
  eden space 1536K, 0% used [0x00000000d5580000,0x00000000d5580000,0x00000000d5700000)
  from space 1024K, 100% used [0x00000000d5780000,0x00000000d5880000,0x00000000d5880000)
  to   space 2560K, 0% used [0x00000000d5980000,0x00000000d5980000,0x00000000d5c00000)
 ParOldGen       total 1060352K, used 1060154K [0x0000000080000000, 0x00000000c0b80000, 0x00000000d5580000)
  object space 1060352K, 99% used [0x0000000080000000,0x00000000c0b4e9b8,0x00000000c0b80000)
 Metaspace       used 57616K, committed 58944K, reserved 1114112K
  class space    used 6092K, committed 6656K, reserved 1048576K
}
Event: 74.458 GC heap before
{Heap before GC invocations=1614 (full 2):
 PSYoungGen      total 2560K, used 2560K [0x00000000d5580000, 0x00000000d5c00000, 0x0000000100000000)
  eden space 1536K, 100% used [0x00000000d5580000,0x00000000d5700000,0x00000000d5700000)
  from space 1024K, 100% used [0x00000000d5780000,0x00000000d5880000,0x00000000d5880000)
  to   space 2560K, 0% used [0x00000000d5980000,0x00000000d5980000,0x00000000d5c00000)
 ParOldGen       total 1060352K, used 1060154K [0x0000000080000000, 0x00000000c0b80000, 0x00000000d5580000)
  object space 1060352K, 99% used [0x0000000080000000,0x00000000c0b4e9b8,0x00000000c0b80000)
 Metaspace       used 57617K, committed 58944K, reserved 1114112K
  class space    used 6092K, committed 6656K, reserved 1048576K
}
Event: 74.461 GC heap after
{Heap after GC invocations=1614 (full 2):
 PSYoungGen      total 4096K, used 1673K [0x00000000d5580000, 0x00000000d5b80000, 0x0000000100000000)
  eden space 2048K, 0% used [0x00000000d5580000,0x00000000d5580000,0x00000000d5780000)
  from space 2048K, 81% used [0x00000000d5980000,0x00000000d5b226c0,0x00000000d5b80000)
  to   space 2048K, 0% used [0x00000000d5780000,0x00000000d5780000,0x00000000d5980000)
 ParOldGen       total 1061376K, used 1061226K [0x0000000080000000, 0x00000000c0c80000, 0x00000000d5580000)
  object space 1061376K, 99% used [0x0000000080000000,0x00000000c0c5a9b8,0x00000000c0c80000)
 Metaspace       used 57617K, committed 58944K, reserved 1114112K
  class space    used 6092K, committed 6656K, reserved 1048576K
}
Event: 74.467 GC heap before
{Heap before GC invocations=1615 (full 2):
 PSYoungGen      total 4096K, used 3721K [0x00000000d5580000, 0x00000000d5b80000, 0x0000000100000000)
  eden space 2048K, 100% used [0x00000000d5580000,0x00000000d5780000,0x00000000d5780000)
  from space 2048K, 81% used [0x00000000d5980000,0x00000000d5b226c0,0x00000000d5b80000)
  to   space 2048K, 0% used [0x00000000d5780000,0x00000000d5780000,0x00000000d5980000)
 ParOldGen       total 1061376K, used 1061226K [0x0000000080000000, 0x00000000c0c80000, 0x00000000d5580000)
  object space 1061376K, 99% used [0x0000000080000000,0x00000000c0c5a9b8,0x00000000c0c80000)
 Metaspace       used 57617K, committed 58944K, reserved 1114112K
  class space    used 6092K, committed 6656K, reserved 1048576K
}
Event: 74.471 GC heap after
{Heap after GC invocations=1615 (full 2):
 PSYoungGen      total 4096K, used 2048K [0x00000000d5580000, 0x00000000d6000000, 0x0000000100000000)
  eden space 2048K, 0% used [0x00000000d5580000,0x00000000d5580000,0x00000000d5780000)
  from space 2048K, 100% used [0x00000000d5780000,0x00000000d5980000,0x00000000d5980000)
  to   space 4096K, 0% used [0x00000000d5c00000,0x00000000d5c00000,0x00000000d6000000)
 ParOldGen       total 1063424K, used 1062780K [0x0000000080000000, 0x00000000c0e80000, 0x00000000d5580000)
  object space 1063424K, 99% used [0x0000000080000000,0x00000000c0ddf078,0x00000000c0e80000)
 Metaspace       used 57617K, committed 58944K, reserved 1114112K
  class space    used 6092K, committed 6656K, reserved 1048576K
}
Event: 74.477 GC heap before
{Heap before GC invocations=1616 (full 2):
 PSYoungGen      total 4096K, used 4096K [0x00000000d5580000, 0x00000000d6000000, 0x0000000100000000)
  eden space 2048K, 100% used [0x00000000d5580000,0x00000000d5780000,0x00000000d5780000)
  from space 2048K, 100% used [0x00000000d5780000,0x00000000d5980000,0x00000000d5980000)
  to   space 4096K, 0% used [0x00000000d5c00000,0x00000000d5c00000,0x00000000d6000000)
 ParOldGen       total 1063424K, used 1062780K [0x0000000080000000, 0x00000000c0e80000, 0x00000000d5580000)
  object space 1063424K, 99% used [0x0000000080000000,0x00000000c0ddf078,0x00000000c0e80000)
 Metaspace       used 57621K, committed 58944K, reserved 1114112K
  class space    used 6093K, committed 6656K, reserved 1048576K
}
Event: 74.480 GC heap after
{Heap after GC invocations=1616 (full 2):
 PSYoungGen      total 4608K, used 1984K [0x00000000d5580000, 0x00000000d5e00000, 0x0000000100000000)
  eden space 2560K, 0% used [0x00000000d5580000,0x00000000d5580000,0x00000000d5800000)
  from space 2048K, 96% used [0x00000000d5c00000,0x00000000d5df0000,0x00000000d5e00000)
  to   space 3072K, 0% used [0x00000000d5800000,0x00000000d5800000,0x00000000d5b00000)
 ParOldGen       total 1064960K, used 1064764K [0x0000000080000000, 0x00000000c1000000, 0x00000000d5580000)
  object space 1064960K, 99% used [0x0000000080000000,0x00000000c0fcf078,0x00000000c1000000)
 Metaspace       used 57621K, committed 58944K, reserved 1114112K
  class space    used 6093K, committed 6656K, reserved 1048576K
}
Event: 74.488 GC heap before
{Heap before GC invocations=1617 (full 2):
 PSYoungGen      total 4608K, used 4544K [0x00000000d5580000, 0x00000000d5e00000, 0x0000000100000000)
  eden space 2560K, 100% used [0x00000000d5580000,0x00000000d5800000,0x00000000d5800000)
  from space 2048K, 96% used [0x00000000d5c00000,0x00000000d5df0000,0x00000000d5e00000)
  to   space 3072K, 0% used [0x00000000d5800000,0x00000000d5800000,0x00000000d5b00000)
 ParOldGen       total 1064960K, used 1064764K [0x0000000080000000, 0x00000000c1000000, 0x00000000d5580000)
  object space 1064960K, 99% used [0x0000000080000000,0x00000000c0fcf078,0x00000000c1000000)
 Metaspace       used 57622K, committed 58944K, reserved 1114112K
  class space    used 6093K, committed 6656K, reserved 1048576K
}
Event: 74.493 GC heap after
{Heap after GC invocations=1617 (full 2):
 PSYoungGen      total 5632K, used 2464K [0x00000000d5580000, 0x00000000d5e80000, 0x0000000100000000)
  eden space 2560K, 0% used [0x00000000d5580000,0x00000000d5580000,0x00000000d5800000)
  from space 3072K, 80% used [0x00000000d5800000,0x00000000d5a68000,0x00000000d5b00000)
  to   space 3072K, 0% used [0x00000000d5b80000,0x00000000d5b80000,0x00000000d5e80000)
 ParOldGen       total 1067008K, used 1066676K [0x0000000080000000, 0x00000000c1200000, 0x00000000d5580000)
  object space 1067008K, 99% used [0x0000000080000000,0x00000000c11ad078,0x00000000c1200000)
 Metaspace       used 57622K, committed 58944K, reserved 1114112K
  class space    used 6093K, committed 6656K, reserved 1048576K
}
Event: 74.500 GC heap before
{Heap before GC invocations=1618 (full 2):
 PSYoungGen      total 5632K, used 5024K [0x00000000d5580000, 0x00000000d5e80000, 0x0000000100000000)
  eden space 2560K, 100% used [0x00000000d5580000,0x00000000d5800000,0x00000000d5800000)
  from space 3072K, 80% used [0x00000000d5800000,0x00000000d5a68000,0x00000000d5b00000)
  to   space 3072K, 0% used [0x00000000d5b80000,0x00000000d5b80000,0x00000000d5e80000)
 ParOldGen       total 1067008K, used 1066676K [0x0000000080000000, 0x00000000c1200000, 0x00000000d5580000)
  object space 1067008K, 99% used [0x0000000080000000,0x00000000c11ad078,0x00000000c1200000)
 Metaspace       used 57625K, committed 58944K, reserved 1114112K
  class space    used 6093K, committed 6656K, reserved 1048576K
}
Event: 74.505 GC heap after
{Heap after GC invocations=1618 (full 2):
 PSYoungGen      total 5632K, used 2400K [0x00000000d5580000, 0x00000000d5e00000, 0x0000000100000000)
  eden space 3072K, 0% used [0x00000000d5580000,0x00000000d5580000,0x00000000d5880000)
  from space 2560K, 93% used [0x00000000d5b80000,0x00000000d5dd8000,0x00000000d5e00000)
  to   space 2560K, 0% used [0x00000000d5900000,0x00000000d5900000,0x00000000d5b80000)
 ParOldGen       total 1069568K, used 1069084K [0x0000000080000000, 0x00000000c1480000, 0x00000000d5580000)
  object space 1069568K, 99% used [0x0000000080000000,0x00000000c1407078,0x00000000c1480000)
 Metaspace       used 57625K, committed 58944K, reserved 1114112K
  class space    used 6093K, committed 6656K, reserved 1048576K
}

